mode: set
github.com/eyko139/immich-notifier/cmd/util/util.go:24.92,30.2 1 0
github.com/eyko139/immich-notifier/cmd/util/util.go:32.75,33.46 1 0
github.com/eyko139/immich-notifier/cmd/util/util.go:33.46,35.3 1 0
github.com/eyko139/immich-notifier/cmd/util/util.go:35.8,41.17 3 0
github.com/eyko139/immich-notifier/cmd/util/util.go:41.17,43.4 1 0
github.com/eyko139/immich-notifier/cmd/util/util.go:44.3,44.17 1 0
github.com/eyko139/immich-notifier/cmd/util/util.go:48.83,51.16 2 0
github.com/eyko139/immich-notifier/cmd/util/util.go:51.16,52.13 1 0
github.com/eyko139/immich-notifier/cmd/util/util.go:55.2,59.16 3 0
github.com/eyko139/immich-notifier/cmd/util/util.go:59.16,61.3 1 0
github.com/eyko139/immich-notifier/cmd/util/util.go:63.2,63.37 1 0
github.com/eyko139/immich-notifier/cmd/util/util.go:66.137,71.2 1 0
github.com/eyko139/immich-notifier/cmd/util/util.go:73.64,80.2 4 0
github.com/eyko139/immich-notifier/internal/env/env.go:23.17,31.16 6 0
github.com/eyko139/immich-notifier/internal/env/env.go:31.16,32.13 1 0
github.com/eyko139/immich-notifier/internal/env/env.go:35.2,76.12 33 0
github.com/eyko139/immich-notifier/internal/assert/assert.go:8.66,11.27 2 0
github.com/eyko139/immich-notifier/internal/assert/assert.go:11.27,13.6 1 0
github.com/eyko139/immich-notifier/internal/assert/assert.go:16.60,19.44 2 0
github.com/eyko139/immich-notifier/internal/assert/assert.go:19.44,21.6 1 0
github.com/eyko139/immich-notifier/internal/errors/session_errors.go:12.47,14.2 1 0
github.com/eyko139/immich-notifier/internal/errors/templating_error.go:11.41,13.2 1 0
github.com/eyko139/immich-notifier/internal/errors/templating_error.go:15.40,19.2 1 0
github.com/eyko139/immich-notifier/internal/models/mocks/immich.go:11.34,49.2 5 0
github.com/eyko139/immich-notifier/internal/models/mocks/immich.go:51.78,53.2 1 0
github.com/eyko139/immich-notifier/internal/models/mocks/immich.go:54.82,56.2 1 0
github.com/eyko139/immich-notifier/internal/models/mocks/immich.go:58.59,59.2 0 0
github.com/eyko139/immich-notifier/internal/models/mocks/immich.go:61.62,62.2 0 0
github.com/eyko139/immich-notifier/internal/models/mocks/immich.go:64.59,66.2 1 0
github.com/eyko139/immich-notifier/internal/models/mocks/user.go:14.33,27.2 3 0
github.com/eyko139/immich-notifier/internal/models/mocks/user.go:29.100,31.2 1 0
github.com/eyko139/immich-notifier/internal/models/mocks/user.go:33.80,36.25 3 0
github.com/eyko139/immich-notifier/internal/models/mocks/user.go:36.25,38.6 1 0
github.com/eyko139/immich-notifier/internal/models/mocks/user.go:39.2,39.23 1 0
github.com/eyko139/immich-notifier/internal/models/mocks/user.go:42.78,44.2 1 0
github.com/eyko139/immich-notifier/internal/models/mocks/user.go:46.77,48.2 1 0
github.com/eyko139/immich-notifier/internal/models/immich.go:63.72,68.2 1 0
github.com/eyko139/immich-notifier/internal/models/immich.go:70.71,74.16 3 0
github.com/eyko139/immich-notifier/internal/models/immich.go:74.16,76.3 1 0
github.com/eyko139/immich-notifier/internal/models/immich.go:78.2,86.16 4 0
github.com/eyko139/immich-notifier/internal/models/immich.go:86.16,88.3 1 0
github.com/eyko139/immich-notifier/internal/models/immich.go:90.2,96.41 5 0
github.com/eyko139/immich-notifier/internal/models/immich.go:96.41,100.3 3 0
github.com/eyko139/immich-notifier/internal/models/immich.go:102.2,102.28 1 0
github.com/eyko139/immich-notifier/internal/models/immich.go:105.75,110.16 3 0
github.com/eyko139/immich-notifier/internal/models/immich.go:110.16,112.3 1 0
github.com/eyko139/immich-notifier/internal/models/immich.go:114.2,122.16 4 0
github.com/eyko139/immich-notifier/internal/models/immich.go:122.16,124.3 1 0
github.com/eyko139/immich-notifier/internal/models/immich.go:126.2,129.20 4 0
github.com/eyko139/immich-notifier/internal/models/immich.go:132.51,141.22 3 0
github.com/eyko139/immich-notifier/internal/models/immich.go:141.22,143.3 1 0
github.com/eyko139/immich-notifier/internal/models/immich.go:145.2,146.16 2 0
github.com/eyko139/immich-notifier/internal/models/immich.go:146.16,148.3 1 0
github.com/eyko139/immich-notifier/internal/models/immich.go:151.54,156.16 3 0
github.com/eyko139/immich-notifier/internal/models/immich.go:156.16,158.3 1 0
github.com/eyko139/immich-notifier/internal/models/immich.go:161.59,164.16 2 0
github.com/eyko139/immich-notifier/internal/models/immich.go:164.16,166.3 1 0
github.com/eyko139/immich-notifier/internal/models/immich.go:167.2,175.14 6 0
github.com/eyko139/immich-notifier/internal/models/immich.go:178.63,180.41 2 0
github.com/eyko139/immich-notifier/internal/models/immich.go:180.41,181.36 1 0
github.com/eyko139/immich-notifier/internal/models/immich.go:181.36,183.4 1 0
github.com/eyko139/immich-notifier/internal/models/immich.go:185.2,185.41 1 0
github.com/eyko139/immich-notifier/internal/models/templates.go:16.64,22.16 6 0
github.com/eyko139/immich-notifier/internal/models/templates.go:22.16,24.3 1 0
github.com/eyko139/immich-notifier/internal/models/templates.go:25.2,25.29 1 0
github.com/eyko139/immich-notifier/internal/models/templates.go:25.29,30.17 3 0
github.com/eyko139/immich-notifier/internal/models/templates.go:30.17,32.4 1 0
github.com/eyko139/immich-notifier/internal/models/templates.go:34.3,35.17 2 0
github.com/eyko139/immich-notifier/internal/models/templates.go:35.17,37.4 1 0
github.com/eyko139/immich-notifier/internal/models/templates.go:38.3,40.17 2 0
github.com/eyko139/immich-notifier/internal/models/templates.go:40.17,42.4 1 0
github.com/eyko139/immich-notifier/internal/models/templates.go:44.3,44.19 1 0
github.com/eyko139/immich-notifier/internal/models/templates.go:46.2,46.19 1 0
github.com/eyko139/immich-notifier/internal/models/user.go:47.54,51.2 1 0
github.com/eyko139/immich-notifier/internal/models/user.go:53.93,71.48 5 0
github.com/eyko139/immich-notifier/internal/models/user.go:71.48,74.17 3 0
github.com/eyko139/immich-notifier/internal/models/user.go:74.17,76.4 1 0
github.com/eyko139/immich-notifier/internal/models/user.go:77.8,80.17 3 0
github.com/eyko139/immich-notifier/internal/models/user.go:80.17,82.4 1 0
github.com/eyko139/immich-notifier/internal/models/user.go:84.2,84.12 1 0
github.com/eyko139/immich-notifier/internal/models/user.go:87.87,97.16 4 0
github.com/eyko139/immich-notifier/internal/models/user.go:97.16,99.3 1 0
github.com/eyko139/immich-notifier/internal/models/user.go:100.2,100.18 1 0
github.com/eyko139/immich-notifier/internal/models/user.go:103.73,111.48 3 0
github.com/eyko139/immich-notifier/internal/models/user.go:111.48,118.17 4 0
github.com/eyko139/immich-notifier/internal/models/user.go:118.17,120.4 1 0
github.com/eyko139/immich-notifier/internal/models/user.go:121.3,121.45 1 0
github.com/eyko139/immich-notifier/internal/models/user.go:123.2,125.16 3 0
github.com/eyko139/immich-notifier/internal/models/user.go:125.16,128.3 2 0
github.com/eyko139/immich-notifier/internal/models/user.go:129.2,129.18 1 0
github.com/eyko139/immich-notifier/internal/models/user.go:132.77,135.16 2 0
github.com/eyko139/immich-notifier/internal/models/user.go:135.16,137.3 1 0
github.com/eyko139/immich-notifier/internal/models/user.go:139.2,146.48 4 0
github.com/eyko139/immich-notifier/internal/models/user.go:146.48,148.3 1 0
github.com/eyko139/immich-notifier/internal/models/user.go:149.2,149.22 1 0
github.com/eyko139/immich-notifier/internal/models/user.go:149.22,151.3 1 0
github.com/eyko139/immich-notifier/internal/models/user.go:152.2,154.16 3 0
github.com/eyko139/immich-notifier/internal/models/user.go:154.16,156.3 1 0
github.com/eyko139/immich-notifier/internal/models/user.go:157.2,157.12 1 0
github.com/eyko139/immich-notifier/internal/auth/auth.go:10.109,12.16 2 0
github.com/eyko139/immich-notifier/internal/auth/auth.go:12.16,14.3 1 0
github.com/eyko139/immich-notifier/internal/auth/auth.go:15.2,22.32 2 0
github.com/eyko139/immich-notifier/cmd/util/util.go:24.92,30.2 1 1
github.com/eyko139/immich-notifier/cmd/util/util.go:32.75,33.46 1 1
github.com/eyko139/immich-notifier/cmd/util/util.go:33.46,35.3 1 0
github.com/eyko139/immich-notifier/cmd/util/util.go:35.8,41.17 3 1
github.com/eyko139/immich-notifier/cmd/util/util.go:41.17,43.4 1 0
github.com/eyko139/immich-notifier/cmd/util/util.go:44.3,44.17 1 1
github.com/eyko139/immich-notifier/cmd/util/util.go:48.83,51.16 2 0
github.com/eyko139/immich-notifier/cmd/util/util.go:51.16,52.13 1 0
github.com/eyko139/immich-notifier/cmd/util/util.go:55.2,59.16 3 0
github.com/eyko139/immich-notifier/cmd/util/util.go:59.16,61.3 1 0
github.com/eyko139/immich-notifier/cmd/util/util.go:63.2,63.37 1 0
github.com/eyko139/immich-notifier/cmd/util/util.go:66.137,71.2 1 1
github.com/eyko139/immich-notifier/cmd/util/util.go:73.64,80.2 4 0
github.com/eyko139/immich-notifier/cmd/web/app.go:36.32,45.16 6 0
github.com/eyko139/immich-notifier/cmd/web/app.go:45.16,47.3 1 0
github.com/eyko139/immich-notifier/cmd/web/app.go:49.5,54.20 5 0
github.com/eyko139/immich-notifier/cmd/web/app.go:54.20,56.3 1 0
github.com/eyko139/immich-notifier/cmd/web/app.go:58.5,70.16 7 0
github.com/eyko139/immich-notifier/cmd/web/app.go:70.16,72.3 1 0
github.com/eyko139/immich-notifier/cmd/web/app.go:74.2,89.3 3 0
github.com/eyko139/immich-notifier/cmd/web/handlers.go:21.39,22.54 1 1
github.com/eyko139/immich-notifier/cmd/web/handlers.go:22.54,28.23 4 1
github.com/eyko139/immich-notifier/cmd/web/handlers.go:28.23,30.10 1 0
github.com/eyko139/immich-notifier/cmd/web/handlers.go:32.3,34.17 2 1
github.com/eyko139/immich-notifier/cmd/web/handlers.go:34.17,36.4 1 0
github.com/eyko139/immich-notifier/cmd/web/handlers.go:38.3,40.42 2 1
github.com/eyko139/immich-notifier/cmd/web/handlers.go:40.42,41.35 1 1
github.com/eyko139/immich-notifier/cmd/web/handlers.go:41.35,42.27 1 1
github.com/eyko139/immich-notifier/cmd/web/handlers.go:42.27,44.6 1 1
github.com/eyko139/immich-notifier/cmd/web/handlers.go:47.3,48.54 2 1
github.com/eyko139/immich-notifier/cmd/web/handlers.go:52.42,53.54 1 1
github.com/eyko139/immich-notifier/cmd/web/handlers.go:53.54,56.70 2 0
github.com/eyko139/immich-notifier/cmd/web/handlers.go:56.70,58.4 1 0
github.com/eyko139/immich-notifier/cmd/web/handlers.go:60.3,60.60 1 0
github.com/eyko139/immich-notifier/cmd/web/handlers.go:60.60,62.22 2 0
github.com/eyko139/immich-notifier/cmd/web/handlers.go:62.22,65.94 3 0
github.com/eyko139/immich-notifier/cmd/web/handlers.go:65.94,68.6 2 0
github.com/eyko139/immich-notifier/cmd/web/handlers.go:69.17,70.31 2 0
github.com/eyko139/immich-notifier/cmd/web/handlers.go:70.31,72.18 1 0
github.com/eyko139/immich-notifier/cmd/web/handlers.go:73.10,75.5 1 0
github.com/eyko139/immich-notifier/cmd/web/handlers.go:80.40,81.54 1 1
github.com/eyko139/immich-notifier/cmd/web/handlers.go:81.54,85.36 4 0
github.com/eyko139/immich-notifier/cmd/web/handlers.go:85.36,87.4 1 0
github.com/eyko139/immich-notifier/cmd/web/handlers.go:87.9,89.4 1 0
github.com/eyko139/immich-notifier/cmd/web/handlers.go:91.3,91.53 1 0
github.com/eyko139/immich-notifier/cmd/web/handlers.go:95.49,96.54 1 1
github.com/eyko139/immich-notifier/cmd/web/handlers.go:96.54,101.25 3 0
github.com/eyko139/immich-notifier/cmd/web/handlers.go:101.25,104.4 2 0
github.com/eyko139/immich-notifier/cmd/web/handlers.go:105.3,109.17 3 0
github.com/eyko139/immich-notifier/cmd/web/handlers.go:109.17,112.4 2 0
github.com/eyko139/immich-notifier/cmd/web/handlers.go:115.3,116.10 2 0
github.com/eyko139/immich-notifier/cmd/web/handlers.go:116.10,119.4 2 0
github.com/eyko139/immich-notifier/cmd/web/handlers.go:122.3,124.17 3 0
github.com/eyko139/immich-notifier/cmd/web/handlers.go:124.17,127.4 2 0
github.com/eyko139/immich-notifier/cmd/web/handlers.go:130.3,134.49 2 0
github.com/eyko139/immich-notifier/cmd/web/handlers.go:134.49,137.4 2 0
github.com/eyko139/immich-notifier/cmd/web/handlers.go:138.3,138.46 1 0
github.com/eyko139/immich-notifier/cmd/web/handlers.go:138.46,140.4 1 0
github.com/eyko139/immich-notifier/cmd/web/handlers.go:141.3,149.48 6 0
github.com/eyko139/immich-notifier/cmd/web/handlers.go:153.38,156.16 3 0
github.com/eyko139/immich-notifier/cmd/web/handlers.go:156.16,158.3 1 0
github.com/eyko139/immich-notifier/cmd/web/handlers.go:159.2,159.50 1 0
github.com/eyko139/immich-notifier/cmd/web/handlers.go:162.47,163.54 1 1
github.com/eyko139/immich-notifier/cmd/web/handlers.go:163.54,169.23 4 0
github.com/eyko139/immich-notifier/cmd/web/handlers.go:169.23,172.10 2 0
github.com/eyko139/immich-notifier/cmd/web/handlers.go:174.9,180.17 4 0
github.com/eyko139/immich-notifier/cmd/web/handlers.go:180.17,183.4 2 0
github.com/eyko139/immich-notifier/cmd/web/handlers.go:185.3,190.78 5 0
github.com/eyko139/immich-notifier/cmd/web/handlers.go:190.78,192.4 1 0
github.com/eyko139/immich-notifier/cmd/web/handlers.go:196.41,197.54 1 1
github.com/eyko139/immich-notifier/cmd/web/handlers.go:197.54,200.3 2 0
github.com/eyko139/immich-notifier/cmd/web/handlers.go:203.48,204.54 1 1
github.com/eyko139/immich-notifier/cmd/web/handlers.go:204.54,206.3 1 0
github.com/eyko139/immich-notifier/cmd/web/handlers.go:209.41,210.58 1 1
github.com/eyko139/immich-notifier/cmd/web/handlers.go:210.58,213.6 2 1
github.com/eyko139/immich-notifier/cmd/web/helper.go:9.53,11.2 1 1
github.com/eyko139/immich-notifier/cmd/web/helper.go:13.76,19.34 5 0
github.com/eyko139/immich-notifier/cmd/web/helper.go:19.34,21.6 1 0
github.com/eyko139/immich-notifier/cmd/web/helper.go:23.2,26.19 4 0
github.com/eyko139/immich-notifier/cmd/web/main.go:9.13,30.2 7 0
github.com/eyko139/immich-notifier/cmd/web/middleware.go:5.59,6.71 1 1
github.com/eyko139/immich-notifier/cmd/web/middleware.go:6.71,10.3 2 1
github.com/eyko139/immich-notifier/cmd/web/middleware.go:13.52,14.71 1 1
github.com/eyko139/immich-notifier/cmd/web/middleware.go:14.71,20.3 4 1
github.com/eyko139/immich-notifier/cmd/web/middleware.go:23.69,24.71 1 1
github.com/eyko139/immich-notifier/cmd/web/middleware.go:24.71,25.42 1 1
github.com/eyko139/immich-notifier/cmd/web/middleware.go:25.42,29.10 3 0
github.com/eyko139/immich-notifier/cmd/web/middleware.go:30.3,30.28 1 1
github.com/eyko139/immich-notifier/cmd/web/middleware.go:30.28,33.4 2 0
github.com/eyko139/immich-notifier/cmd/web/middleware.go:34.3,35.23 2 1
github.com/eyko139/immich-notifier/cmd/web/routes.go:11.37,16.16 3 1
github.com/eyko139/immich-notifier/cmd/web/routes.go:16.16,17.13 1 0
github.com/eyko139/immich-notifier/cmd/web/routes.go:19.2,36.30 15 1
github.com/eyko139/immich-notifier/cmd/web/web_testutils.go:22.44,34.16 7 1
github.com/eyko139/immich-notifier/cmd/web/web_testutils.go:34.16,36.3 1 0
github.com/eyko139/immich-notifier/cmd/web/web_testutils.go:38.2,48.6 2 1
github.com/eyko139/immich-notifier/cmd/web/web_testutils.go:55.68,59.16 3 1
github.com/eyko139/immich-notifier/cmd/web/web_testutils.go:59.16,61.3 1 0
github.com/eyko139/immich-notifier/cmd/web/web_testutils.go:63.2,69.81 2 1
github.com/eyko139/immich-notifier/cmd/web/web_testutils.go:69.81,71.3 1 0
github.com/eyko139/immich-notifier/cmd/web/web_testutils.go:73.5,73.27 1 1
github.com/eyko139/immich-notifier/cmd/web/web_testutils.go:76.80,80.16 2 1
github.com/eyko139/immich-notifier/cmd/web/web_testutils.go:80.16,82.3 1 0
github.com/eyko139/immich-notifier/cmd/web/web_testutils.go:84.2,88.16 3 1
github.com/eyko139/immich-notifier/cmd/web/web_testutils.go:88.16,90.3 1 0
github.com/eyko139/immich-notifier/cmd/web/web_testutils.go:92.2,94.47 2 1
github.com/eyko139/immich-notifier/cmd/web/web_testutils.go:97.67,98.74 1 0
github.com/eyko139/immich-notifier/cmd/web/web_testutils.go:98.74,100.6 1 0
github.com/eyko139/immich-notifier/internal/assert/assert.go:8.66,11.27 2 1
github.com/eyko139/immich-notifier/internal/assert/assert.go:11.27,13.6 1 0
github.com/eyko139/immich-notifier/internal/assert/assert.go:16.60,19.44 2 1
github.com/eyko139/immich-notifier/internal/assert/assert.go:19.44,21.6 1 0
github.com/eyko139/immich-notifier/internal/auth/auth.go:10.109,12.16 2 0
github.com/eyko139/immich-notifier/internal/auth/auth.go:12.16,14.3 1 0
github.com/eyko139/immich-notifier/internal/auth/auth.go:15.2,22.32 2 0
github.com/eyko139/immich-notifier/internal/env/env.go:23.17,31.16 6 1
github.com/eyko139/immich-notifier/internal/env/env.go:31.16,32.13 1 0
github.com/eyko139/immich-notifier/internal/env/env.go:35.2,76.12 33 1
github.com/eyko139/immich-notifier/internal/errors/session_errors.go:12.47,14.2 1 0
github.com/eyko139/immich-notifier/internal/errors/templating_error.go:11.41,13.2 1 0
github.com/eyko139/immich-notifier/internal/errors/templating_error.go:15.40,19.2 1 0
github.com/eyko139/immich-notifier/internal/models/immich.go:63.72,68.2 1 0
github.com/eyko139/immich-notifier/internal/models/immich.go:70.71,74.16 3 0
github.com/eyko139/immich-notifier/internal/models/immich.go:74.16,76.3 1 0
github.com/eyko139/immich-notifier/internal/models/immich.go:78.2,86.16 4 0
github.com/eyko139/immich-notifier/internal/models/immich.go:86.16,88.3 1 0
github.com/eyko139/immich-notifier/internal/models/immich.go:90.2,96.41 5 0
github.com/eyko139/immich-notifier/internal/models/immich.go:96.41,100.3 3 0
github.com/eyko139/immich-notifier/internal/models/immich.go:102.2,102.28 1 0
github.com/eyko139/immich-notifier/internal/models/immich.go:105.75,110.16 3 0
github.com/eyko139/immich-notifier/internal/models/immich.go:110.16,112.3 1 0
github.com/eyko139/immich-notifier/internal/models/immich.go:114.2,122.16 4 0
github.com/eyko139/immich-notifier/internal/models/immich.go:122.16,124.3 1 0
github.com/eyko139/immich-notifier/internal/models/immich.go:126.2,129.20 4 0
github.com/eyko139/immich-notifier/internal/models/immich.go:132.51,141.22 3 0
github.com/eyko139/immich-notifier/internal/models/immich.go:141.22,143.3 1 0
github.com/eyko139/immich-notifier/internal/models/immich.go:145.2,146.16 2 0
github.com/eyko139/immich-notifier/internal/models/immich.go:146.16,148.3 1 0
github.com/eyko139/immich-notifier/internal/models/immich.go:151.54,156.16 3 0
github.com/eyko139/immich-notifier/internal/models/immich.go:156.16,158.3 1 0
github.com/eyko139/immich-notifier/internal/models/immich.go:161.59,164.16 2 0
github.com/eyko139/immich-notifier/internal/models/immich.go:164.16,166.3 1 0
github.com/eyko139/immich-notifier/internal/models/immich.go:167.2,175.14 6 0
github.com/eyko139/immich-notifier/internal/models/immich.go:178.63,180.41 2 0
github.com/eyko139/immich-notifier/internal/models/immich.go:180.41,181.36 1 0
github.com/eyko139/immich-notifier/internal/models/immich.go:181.36,183.4 1 0
github.com/eyko139/immich-notifier/internal/models/immich.go:185.2,185.41 1 0
github.com/eyko139/immich-notifier/internal/models/templates.go:16.64,22.16 6 1
github.com/eyko139/immich-notifier/internal/models/templates.go:22.16,24.3 1 0
github.com/eyko139/immich-notifier/internal/models/templates.go:25.2,25.29 1 1
github.com/eyko139/immich-notifier/internal/models/templates.go:25.29,30.17 3 1
github.com/eyko139/immich-notifier/internal/models/templates.go:30.17,32.4 1 0
github.com/eyko139/immich-notifier/internal/models/templates.go:34.3,35.17 2 1
github.com/eyko139/immich-notifier/internal/models/templates.go:35.17,37.4 1 0
github.com/eyko139/immich-notifier/internal/models/templates.go:38.3,40.17 2 1
github.com/eyko139/immich-notifier/internal/models/templates.go:40.17,42.4 1 0
github.com/eyko139/immich-notifier/internal/models/templates.go:44.3,44.19 1 1
github.com/eyko139/immich-notifier/internal/models/templates.go:46.2,46.19 1 1
github.com/eyko139/immich-notifier/internal/models/user.go:47.54,51.2 1 0
github.com/eyko139/immich-notifier/internal/models/user.go:53.93,71.48 5 0
github.com/eyko139/immich-notifier/internal/models/user.go:71.48,74.17 3 0
github.com/eyko139/immich-notifier/internal/models/user.go:74.17,76.4 1 0
github.com/eyko139/immich-notifier/internal/models/user.go:77.8,80.17 3 0
github.com/eyko139/immich-notifier/internal/models/user.go:80.17,82.4 1 0
github.com/eyko139/immich-notifier/internal/models/user.go:84.2,84.12 1 0
github.com/eyko139/immich-notifier/internal/models/user.go:87.87,97.16 4 0
github.com/eyko139/immich-notifier/internal/models/user.go:97.16,99.3 1 0
github.com/eyko139/immich-notifier/internal/models/user.go:100.2,100.18 1 0
github.com/eyko139/immich-notifier/internal/models/user.go:103.73,111.48 3 0
github.com/eyko139/immich-notifier/internal/models/user.go:111.48,118.17 4 0
github.com/eyko139/immich-notifier/internal/models/user.go:118.17,120.4 1 0
github.com/eyko139/immich-notifier/internal/models/user.go:121.3,121.45 1 0
github.com/eyko139/immich-notifier/internal/models/user.go:123.2,125.16 3 0
github.com/eyko139/immich-notifier/internal/models/user.go:125.16,128.3 2 0
github.com/eyko139/immich-notifier/internal/models/user.go:129.2,129.18 1 0
github.com/eyko139/immich-notifier/internal/models/user.go:132.77,135.16 2 0
github.com/eyko139/immich-notifier/internal/models/user.go:135.16,137.3 1 0
github.com/eyko139/immich-notifier/internal/models/user.go:139.2,146.48 4 0
github.com/eyko139/immich-notifier/internal/models/user.go:146.48,148.3 1 0
github.com/eyko139/immich-notifier/internal/models/user.go:149.2,149.22 1 0
github.com/eyko139/immich-notifier/internal/models/user.go:149.22,151.3 1 0
github.com/eyko139/immich-notifier/internal/models/user.go:152.2,154.16 3 0
github.com/eyko139/immich-notifier/internal/models/user.go:154.16,156.3 1 0
github.com/eyko139/immich-notifier/internal/models/user.go:157.2,157.12 1 0
github.com/eyko139/immich-notifier/internal/models/mocks/immich.go:11.34,49.2 5 1
github.com/eyko139/immich-notifier/internal/models/mocks/immich.go:51.78,53.2 1 1
github.com/eyko139/immich-notifier/internal/models/mocks/immich.go:54.82,56.2 1 0
github.com/eyko139/immich-notifier/internal/models/mocks/immich.go:58.59,59.2 0 0
github.com/eyko139/immich-notifier/internal/models/mocks/immich.go:61.62,62.2 0 0
github.com/eyko139/immich-notifier/internal/models/mocks/immich.go:64.59,66.2 1 0
github.com/eyko139/immich-notifier/internal/models/mocks/user.go:14.33,27.2 3 1
github.com/eyko139/immich-notifier/internal/models/mocks/user.go:29.100,31.2 1 0
github.com/eyko139/immich-notifier/internal/models/mocks/user.go:33.80,36.25 3 1
github.com/eyko139/immich-notifier/internal/models/mocks/user.go:36.25,38.6 1 1
github.com/eyko139/immich-notifier/internal/models/mocks/user.go:39.2,39.23 1 1
github.com/eyko139/immich-notifier/internal/models/mocks/user.go:42.78,44.2 1 0
github.com/eyko139/immich-notifier/internal/models/mocks/user.go:46.77,48.2 1 0
github.com/eyko139/immich-notifier/internal/test_utils/test_utils.go:9.13,13.17 4 1
github.com/eyko139/immich-notifier/internal/test_utils/test_utils.go:13.17,14.15 1 0
github.com/eyko139/immich-notifier/internal/util/util.go:3.89,4.23 1 0
github.com/eyko139/immich-notifier/internal/util/util.go:4.23,5.20 1 0
github.com/eyko139/immich-notifier/internal/util/util.go:5.20,7.4 1 0
github.com/eyko139/immich-notifier/internal/util/util.go:9.2,9.8 1 0
github.com/eyko139/immich-notifier/internal/test_utils/test_utils.go:9.13,13.17 4 0
github.com/eyko139/immich-notifier/internal/test_utils/test_utils.go:13.17,14.15 1 0
github.com/eyko139/immich-notifier/internal/util/util.go:3.89,4.23 1 0
github.com/eyko139/immich-notifier/internal/util/util.go:4.23,5.20 1 0
github.com/eyko139/immich-notifier/internal/util/util.go:5.20,7.4 1 0
github.com/eyko139/immich-notifier/internal/util/util.go:9.2,9.8 1 0
github.com/eyko139/immich-notifier/internal/assert/assert.go:8.66,11.27 2 1
github.com/eyko139/immich-notifier/internal/assert/assert.go:11.27,13.6 1 0
github.com/eyko139/immich-notifier/internal/assert/assert.go:16.60,19.44 2 0
github.com/eyko139/immich-notifier/internal/assert/assert.go:19.44,21.6 1 0
github.com/eyko139/immich-notifier/internal/env/env.go:23.17,31.16 6 1
github.com/eyko139/immich-notifier/internal/env/env.go:31.16,32.13 1 0
github.com/eyko139/immich-notifier/internal/env/env.go:35.2,76.12 33 1
github.com/eyko139/immich-notifier/internal/models/immich.go:63.72,68.2 1 0
github.com/eyko139/immich-notifier/internal/models/immich.go:70.71,74.16 3 0
github.com/eyko139/immich-notifier/internal/models/immich.go:74.16,76.3 1 0
github.com/eyko139/immich-notifier/internal/models/immich.go:78.2,86.16 4 0
github.com/eyko139/immich-notifier/internal/models/immich.go:86.16,88.3 1 0
github.com/eyko139/immich-notifier/internal/models/immich.go:90.2,96.41 5 0
github.com/eyko139/immich-notifier/internal/models/immich.go:96.41,100.3 3 0
github.com/eyko139/immich-notifier/internal/models/immich.go:102.2,102.28 1 0
github.com/eyko139/immich-notifier/internal/models/immich.go:105.75,110.16 3 0
github.com/eyko139/immich-notifier/internal/models/immich.go:110.16,112.3 1 0
github.com/eyko139/immich-notifier/internal/models/immich.go:114.2,122.16 4 0
github.com/eyko139/immich-notifier/internal/models/immich.go:122.16,124.3 1 0
github.com/eyko139/immich-notifier/internal/models/immich.go:126.2,129.20 4 0
github.com/eyko139/immich-notifier/internal/models/immich.go:132.51,141.22 3 0
github.com/eyko139/immich-notifier/internal/models/immich.go:141.22,143.3 1 0
github.com/eyko139/immich-notifier/internal/models/immich.go:145.2,146.16 2 0
github.com/eyko139/immich-notifier/internal/models/immich.go:146.16,148.3 1 0
github.com/eyko139/immich-notifier/internal/models/immich.go:151.54,156.16 3 0
github.com/eyko139/immich-notifier/internal/models/immich.go:156.16,158.3 1 0
github.com/eyko139/immich-notifier/internal/models/immich.go:161.59,164.16 2 0
github.com/eyko139/immich-notifier/internal/models/immich.go:164.16,166.3 1 0
github.com/eyko139/immich-notifier/internal/models/immich.go:167.2,175.14 6 0
github.com/eyko139/immich-notifier/internal/models/immich.go:178.63,180.41 2 0
github.com/eyko139/immich-notifier/internal/models/immich.go:180.41,181.36 1 0
github.com/eyko139/immich-notifier/internal/models/immich.go:181.36,183.4 1 0
github.com/eyko139/immich-notifier/internal/models/immich.go:185.2,185.41 1 0
github.com/eyko139/immich-notifier/internal/models/templates.go:16.64,22.16 6 0
github.com/eyko139/immich-notifier/internal/models/templates.go:22.16,24.3 1 0
github.com/eyko139/immich-notifier/internal/models/templates.go:25.2,25.29 1 0
github.com/eyko139/immich-notifier/internal/models/templates.go:25.29,30.17 3 0
github.com/eyko139/immich-notifier/internal/models/templates.go:30.17,32.4 1 0
github.com/eyko139/immich-notifier/internal/models/templates.go:34.3,35.17 2 0
github.com/eyko139/immich-notifier/internal/models/templates.go:35.17,37.4 1 0
github.com/eyko139/immich-notifier/internal/models/templates.go:38.3,40.17 2 0
github.com/eyko139/immich-notifier/internal/models/templates.go:40.17,42.4 1 0
github.com/eyko139/immich-notifier/internal/models/templates.go:44.3,44.19 1 0
github.com/eyko139/immich-notifier/internal/models/templates.go:46.2,46.19 1 0
github.com/eyko139/immich-notifier/internal/models/user.go:47.54,51.2 1 0
github.com/eyko139/immich-notifier/internal/models/user.go:53.93,71.48 5 0
github.com/eyko139/immich-notifier/internal/models/user.go:71.48,74.17 3 0
github.com/eyko139/immich-notifier/internal/models/user.go:74.17,76.4 1 0
github.com/eyko139/immich-notifier/internal/models/user.go:77.8,80.17 3 0
github.com/eyko139/immich-notifier/internal/models/user.go:80.17,82.4 1 0
github.com/eyko139/immich-notifier/internal/models/user.go:84.2,84.12 1 0
github.com/eyko139/immich-notifier/internal/models/user.go:87.87,97.16 4 0
github.com/eyko139/immich-notifier/internal/models/user.go:97.16,99.3 1 0
github.com/eyko139/immich-notifier/internal/models/user.go:100.2,100.18 1 0
github.com/eyko139/immich-notifier/internal/models/user.go:103.73,111.48 3 0
github.com/eyko139/immich-notifier/internal/models/user.go:111.48,118.17 4 0
github.com/eyko139/immich-notifier/internal/models/user.go:118.17,120.4 1 0
github.com/eyko139/immich-notifier/internal/models/user.go:121.3,121.45 1 0
github.com/eyko139/immich-notifier/internal/models/user.go:123.2,125.16 3 0
github.com/eyko139/immich-notifier/internal/models/user.go:125.16,128.3 2 0
github.com/eyko139/immich-notifier/internal/models/user.go:129.2,129.18 1 0
github.com/eyko139/immich-notifier/internal/models/user.go:132.77,135.16 2 0
github.com/eyko139/immich-notifier/internal/models/user.go:135.16,137.3 1 0
github.com/eyko139/immich-notifier/internal/models/user.go:139.2,146.48 4 0
github.com/eyko139/immich-notifier/internal/models/user.go:146.48,148.3 1 0
github.com/eyko139/immich-notifier/internal/models/user.go:149.2,149.22 1 0
github.com/eyko139/immich-notifier/internal/models/user.go:149.22,151.3 1 0
github.com/eyko139/immich-notifier/internal/models/user.go:152.2,154.16 3 0
github.com/eyko139/immich-notifier/internal/models/user.go:154.16,156.3 1 0
github.com/eyko139/immich-notifier/internal/models/user.go:157.2,157.12 1 0
github.com/eyko139/immich-notifier/internal/models/mocks/immich.go:11.34,49.2 5 0
github.com/eyko139/immich-notifier/internal/models/mocks/immich.go:51.78,53.2 1 0
github.com/eyko139/immich-notifier/internal/models/mocks/immich.go:54.82,56.2 1 0
github.com/eyko139/immich-notifier/internal/models/mocks/immich.go:58.59,59.2 0 0
github.com/eyko139/immich-notifier/internal/models/mocks/immich.go:61.62,62.2 0 0
github.com/eyko139/immich-notifier/internal/models/mocks/immich.go:64.59,66.2 1 0
github.com/eyko139/immich-notifier/internal/models/mocks/user.go:14.33,27.2 3 1
github.com/eyko139/immich-notifier/internal/models/mocks/user.go:29.100,31.2 1 0
github.com/eyko139/immich-notifier/internal/models/mocks/user.go:33.80,36.25 3 1
github.com/eyko139/immich-notifier/internal/models/mocks/user.go:36.25,38.6 1 0
github.com/eyko139/immich-notifier/internal/models/mocks/user.go:39.2,39.23 1 1
github.com/eyko139/immich-notifier/internal/models/mocks/user.go:42.78,44.2 1 0
github.com/eyko139/immich-notifier/internal/models/mocks/user.go:46.77,48.2 1 0
github.com/eyko139/immich-notifier/internal/notifier/notificationService.go:17.144,27.16 6 1
github.com/eyko139/immich-notifier/internal/notifier/notificationService.go:27.16,29.3 1 0
github.com/eyko139/immich-notifier/internal/notifier/notificationService.go:30.2,32.16 2 1
github.com/eyko139/immich-notifier/internal/notifier/notificationService.go:32.16,34.3 1 0
github.com/eyko139/immich-notifier/internal/notifier/notificationService.go:36.2,45.16 7 1
github.com/eyko139/immich-notifier/internal/notifier/notificationService.go:45.16,47.3 1 0
github.com/eyko139/immich-notifier/internal/notifier/notificationService.go:49.2,51.16 2 1
github.com/eyko139/immich-notifier/internal/notifier/notificationService.go:51.16,53.3 1 0
github.com/eyko139/immich-notifier/internal/notifier/notificationService.go:55.2,57.25 3 1
github.com/eyko139/immich-notifier/internal/notifier/notifier.go:33.125,42.2 1 0
github.com/eyko139/immich-notifier/internal/notifier/notifier.go:44.32,49.6 3 0
github.com/eyko139/immich-notifier/internal/notifier/notifier.go:49.6,53.17 3 0
github.com/eyko139/immich-notifier/internal/notifier/notifier.go:53.17,55.4 1 0
github.com/eyko139/immich-notifier/internal/notifier/notifier.go:57.3,57.61 1 0
github.com/eyko139/immich-notifier/internal/notifier/notifier.go:57.61,59.4 1 0
github.com/eyko139/immich-notifier/internal/notifier/notifier.go:61.3,61.31 1 0
github.com/eyko139/immich-notifier/internal/notifier/notifier.go:61.31,62.54 1 0
github.com/eyko139/immich-notifier/internal/notifier/notifier.go:62.54,66.31 2 0
github.com/eyko139/immich-notifier/internal/notifier/notifier.go:66.31,68.18 1 0
github.com/eyko139/immich-notifier/internal/notifier/notifier.go:70.5,72.57 2 0
github.com/eyko139/immich-notifier/internal/notifier/notifier.go:72.57,76.6 3 0
github.com/eyko139/immich-notifier/internal/notifier/notifier.go:82.95,83.28 1 0
github.com/eyko139/immich-notifier/internal/notifier/notifier.go:83.28,85.3 1 0
github.com/eyko139/immich-notifier/internal/notifier/notifier.go:86.2,90.19 5 0
github.com/eyko139/immich-notifier/internal/notifier/notifier.go:90.19,92.6 1 0
github.com/eyko139/immich-notifier/internal/notifier/notifier.go:93.5,93.60 1 0
github.com/eyko139/immich-notifier/internal/notifier/notifier.go:96.92,106.16 4 1
github.com/eyko139/immich-notifier/internal/notifier/notifier.go:106.16,108.3 1 0
github.com/eyko139/immich-notifier/internal/notifier/notifier.go:109.5,109.30 1 1
github.com/eyko139/immich-notifier/internal/notifier/notifier.go:112.128,122.16 4 1
github.com/eyko139/immich-notifier/internal/notifier/notifier.go:122.16,124.3 1 0
github.com/eyko139/immich-notifier/internal/notifier/notifier.go:125.5,125.30 1 1
github.com/eyko139/immich-notifier/internal/notifier/notifier.go:129.75,145.16 8 0
github.com/eyko139/immich-notifier/internal/notifier/notifier.go:145.16,147.3 1 0
github.com/eyko139/immich-notifier/internal/notifier/notifier.go:148.2,148.60 1 0
github.com/eyko139/immich-notifier/internal/notifier/notifier.go:151.79,165.2 6 1
github.com/eyko139/immich-notifier/internal/util/util.go:3.89,4.23 1 0
github.com/eyko139/immich-notifier/internal/util/util.go:4.23,5.20 1 0
github.com/eyko139/immich-notifier/internal/util/util.go:5.20,7.4 1 0
github.com/eyko139/immich-notifier/internal/util/util.go:9.2,9.8 1 0
